# JRE version: Java(TM) SE Runtime Environment (8.0_221-b11) (build 1.8.0_221-b11)
# Java VM: Java HotSpot(TM) 64-Bit Server VM (25.221-b11 mixed mode windows-amd64 compressed oops)
Heap:
 PSYoungGen      total 223232K, used 30351K [0x00000000ed900000, 0x0000000100000000, 0x0000000100000000)
  eden space 211968K, 13% used [0x00000000ed900000,0x00000000ef45cb28,0x00000000fa800000)
  from space 11264K, 20% used [0x00000000fa800000,0x00000000faa472e0,0x00000000fb300000)
  to   space 28160K, 0% used [0x00000000fe480000,0x00000000fe480000,0x0000000100000000)
 ParOldGen       total 116224K, used 61878K [0x00000000c8a00000, 0x00000000cfb80000, 0x00000000ed900000)
  object space 116224K, 53% used [0x00000000c8a00000,0x00000000cc66d870,0x00000000cfb80000)
 Metaspace       used 54220K, capacity 56858K, committed 57088K, reserved 1097728K
  class space    used 7231K, capacity 7873K, committed 7936K, reserved 1048576K
GC Heap History (10 events):
Event: 26.510 GC heap before
{Heap before GC invocations=12 (full 1):
 PSYoungGen      total 159232K, used 80875K [0x00000000ed900000, 0x00000000f8f80000, 0x0000000100000000)
  eden space 151040K, 48% used [0x00000000ed900000,0x00000000f1ffc478,0x00000000f6c80000)
  from space 8192K, 99% used [0x00000000f7680000,0x00000000f7e7ea50,0x00000000f7e80000)
  to   space 10240K, 0% used [0x00000000f6c80000,0x00000000f6c80000,0x00000000f7680000)
 ParOldGen       total 34304K, used 12328K [0x00000000c8a00000, 0x00000000cab80000, 0x00000000ed900000)
  object space 34304K, 35% used [0x00000000c8a00000,0x00000000c960a028,0x00000000cab80000)
 Metaspace       used 33916K, capacity 35412K, committed 35496K, reserved 1081344K
  class space    used 4379K, capacity 4652K, committed 4736K, reserved 1048576K
Event: 26.531 GC heap after
Heap after GC invocations=12 (full 1):
 PSYoungGen      total 161280K, used 2666K [0x00000000ed900000, 0x00000000fbe00000, 0x0000000100000000)
  eden space 151040K, 0% used [0x00000000ed900000,0x00000000ed900000,0x00000000f6c80000)
  from space 10240K, 26% used [0x00000000f6c80000,0x00000000f6f1aa70,0x00000000f7680000)
  to   space 9728K, 0% used [0x00000000fb480000,0x00000000fb480000,0x00000000fbe00000)
 ParOldGen       total 34304K, used 16944K [0x00000000c8a00000, 0x00000000cab80000, 0x00000000ed900000)
  object space 34304K, 49% used [0x00000000c8a00000,0x00000000c9a8c068,0x00000000cab80000)
 Metaspace       used 33916K, capacity 35412K, committed 35496K, reserved 1081344K
  class space    used 4379K, capacity 4652K, committed 4736K, reserved 1048576K
}
Event: 26.531 GC heap before
{Heap before GC invocations=13 (full 2):
 PSYoungGen      total 161280K, used 2666K [0x00000000ed900000, 0x00000000fbe00000, 0x0000000100000000)
  eden space 151040K, 0% used [0x00000000ed900000,0x00000000ed900000,0x00000000f6c80000)
  from space 10240K, 26% used [0x00000000f6c80000,0x00000000f6f1aa70,0x00000000f7680000)
  to   space 9728K, 0% used [0x00000000fb480000,0x00000000fb480000,0x00000000fbe00000)
 ParOldGen       total 34304K, used 16944K [0x00000000c8a00000, 0x00000000cab80000, 0x00000000ed900000)
  object space 34304K, 49% used [0x00000000c8a00000,0x00000000c9a8c068,0x00000000cab80000)
 Metaspace       used 33916K, capacity 35412K, committed 35496K, reserved 1081344K
  class space    used 4379K, capacity 4652K, committed 4736K, reserved 1048576K
Event: 26.650 GC heap after
Heap after GC invocations=13 (full 2):
 PSYoungGen      total 161280K, used 0K [0x00000000ed900000, 0x00000000fbe00000, 0x0000000100000000)
  eden space 151040K, 0% used [0x00000000ed900000,0x00000000ed900000,0x00000000f6c80000)
  from space 10240K, 0% used [0x00000000f6c80000,0x00000000f6c80000,0x00000000f7680000)
  to   space 9728K, 0% used [0x00000000fb480000,0x00000000fb480000,0x00000000fbe00000)
 ParOldGen       total 45056K, used 13547K [0x00000000c8a00000, 0x00000000cb600000, 0x00000000ed900000)
  object space 45056K, 30% used [0x00000000c8a00000,0x00000000c973ad20,0x00000000cb600000)
 Metaspace       used 33916K, capacity 35412K, committed 35496K, reserved 1081344K
  class space    used 4379K, capacity 4652K, committed 4736K, reserved 1048576K
}
Event: 31.950 GC heap before
{Heap before GC invocations=14 (full 2):
 PSYoungGen      total 161280K, used 151040K [0x00000000ed900000, 0x00000000fbe00000, 0x0000000100000000)
  eden space 151040K, 100% used [0x00000000ed900000,0x00000000f6c80000,0x00000000f6c80000)
  from space 10240K, 0% used [0x00000000f6c80000,0x00000000f6c80000,0x00000000f7680000)
  to   space 9728K, 0% used [0x00000000fb480000,0x00000000fb480000,0x00000000fbe00000)
 ParOldGen       total 45056K, used 13547K [0x00000000c8a00000, 0x00000000cb600000, 0x00000000ed900000)
  object space 45056K, 30% used [0x00000000c8a00000,0x00000000c973ad20,0x00000000cb600000)
 Metaspace       used 40647K, capacity 42640K, committed 42880K, reserved 1087488K
  class space    used 5297K, capacity 5708K, committed 5760K, reserved 1048576K
Event: 31.974 GC heap after
Heap after GC invocations=14 (full 2):
 PSYoungGen      total 218112K, used 9416K [0x00000000ed900000, 0x00000000fbe00000, 0x0000000100000000)
  eden space 208384K, 0% used [0x00000000ed900000,0x00000000ed900000,0x00000000fa480000)
  from space 9728K, 96% used [0x00000000fb480000,0x00000000fbdb2298,0x00000000fbe00000)
  to   space 11264K, 0% used [0x00000000fa800000,0x00000000fa800000,0x00000000fb300000)
 ParOldGen       total 45056K, used 13555K [0x00000000c8a00000, 0x00000000cb600000, 0x00000000ed900000)
  object space 45056K, 30% used [0x00000000c8a00000,0x00000000c973cd20,0x00000000cb600000)
 Metaspace       used 40647K, capacity 42640K, committed 42880K, reserved 1087488K
  class space    used 5297K, capacity 5708K, committed 5760K, reserved 1048576K
}
Event: 41.822 GC heap before
{Heap before GC invocations=15 (full 2):
 PSYoungGen      total 218112K, used 204804K [0x00000000ed900000, 0x00000000fbe00000, 0x0000000100000000)
  eden space 208384K, 93% used [0x00000000ed900000,0x00000000f97cefc8,0x00000000fa480000)
  from space 9728K, 96% used [0x00000000fb480000,0x00000000fbdb2298,0x00000000fbe00000)
  to   space 11264K, 0% used [0x00000000fa800000,0x00000000fa800000,0x00000000fb300000)
 ParOldGen       total 45056K, used 13555K [0x00000000c8a00000, 0x00000000cb600000, 0x00000000ed900000)
  object space 45056K, 30% used [0x00000000c8a00000,0x00000000c973cd20,0x00000000cb600000)
 Metaspace       used 54161K, capacity 56730K, committed 56832K, reserved 1097728K
  class space    used 7213K, capacity 7857K, committed 7936K, reserved 1048576K
Event: 42.239 GC heap after
Heap after GC invocations=15 (full 2):
 PSYoungGen      total 223232K, used 11245K [0x00000000ed900000, 0x0000000100000000, 0x0000000100000000)
  eden space 211968K, 0% used [0x00000000ed900000,0x00000000ed900000,0x00000000fa800000)
  from space 11264K, 99% used [0x00000000fa800000,0x00000000fb2fb540,0x00000000fb300000)
  to   space 28160K, 0% used [0x00000000fe480000,0x00000000fe480000,0x0000000100000000)
 ParOldGen       total 61952K, used 54983K [0x00000000c8a00000, 0x00000000cc680000, 0x00000000ed900000)
  object space 61952K, 88% used [0x00000000c8a00000,0x00000000cbfb1f00,0x00000000cc680000)
 Metaspace       used 54161K, capacity 56730K, committed 56832K, reserved 1097728K
  class space    used 7213K, capacity 7857K, committed 7936K, reserved 1048576K
}
Event: 42.239 GC heap before
{Heap before GC invocations=16 (full 3):
 PSYoungGen      total 223232K, used 11245K [0x00000000ed900000, 0x0000000100000000, 0x0000000100000000)
  eden space 211968K, 0% used [0x00000000ed900000,0x00000000ed900000,0x00000000fa800000)
  from space 11264K, 99% used [0x00000000fa800000,0x00000000fb2fb540,0x00000000fb300000)
  to   space 28160K, 0% used [0x00000000fe480000,0x00000000fe480000,0x0000000100000000)
 ParOldGen       total 61952K, used 54983K [0x00000000c8a00000, 0x00000000cc680000, 0x00000000ed900000)
  object space 61952K, 88% used [0x00000000c8a00000,0x00000000cbfb1f00,0x00000000cc680000)
 Metaspace       used 54161K, capacity 56730K, committed 56832K, reserved 1097728K
  class space    used 7213K, capacity 7857K, committed 7936K, reserved 1048576K
Event: 42.919 GC heap after
Heap after GC invocations=16 (full 3):
 PSYoungGen      total 223232K, used 2332K [0x00000000ed900000, 0x0000000100000000, 0x0000000100000000)
  eden space 211968K, 0% used [0x00000000ed900000,0x00000000ed900000,0x00000000fa800000)
  from space 11264K, 20% used [0x00000000fa800000,0x00000000faa472e0,0x00000000fb300000)
  to   space 28160K, 0% used [0x00000000fe480000,0x00000000fe480000,0x0000000100000000)
 ParOldGen       total 116224K, used 61878K [0x00000000c8a00000, 0x00000000cfb80000, 0x00000000ed900000)
  object space 116224K, 53% used [0x00000000c8a00000,0x00000000cc66d870,0x00000000cfb80000)
 Metaspace       used 54161K, capacity 56730K, committed 56832K, reserved 1097728K
  class space    used 7213K, capacity 7857K, committed 7936K, reserved 1048576K
}

