# JRE version: Java(TM) SE Runtime Environment (8.0_221-b11) (build 1.8.0_221-b11)
# Java VM: Java HotSpot(TM) 64-Bit Server VM (25.221-b11 mixed mode windows-amd64 compressed oops)
Heap:
 PSYoungGen      total 153600K, used 75512K [0x00000000ed900000, 0x00000000fb880000, 0x0000000100000000)
  eden space 146432K, 51% used [0x00000000ed900000,0x00000000f22be390,0x00000000f6800000)
  from space 7168K, 0% used [0x00000000f6800000,0x00000000f6800000,0x00000000f6f00000)
  to   space 12800K, 0% used [0x00000000fac00000,0x00000000fac00000,0x00000000fb880000)
 ParOldGen       total 78336K, used 70306K [0x00000000c8a00000, 0x00000000cd680000, 0x00000000ed900000)
  object space 78336K, 89% used [0x00000000c8a00000,0x00000000ccea89a0,0x00000000cd680000)
 Metaspace       used 56886K, capacity 59964K, committed 60120K, reserved 1101824K
  class space    used 7629K, capacity 8310K, committed 8408K, reserved 1048576K
GC Heap History (10 events):
Event: 37.946 GC heap before
{Heap before GC invocations=17 (full 2):
 PSYoungGen      total 150528K, used 150385K [0x00000000ed900000, 0x00000000f7600000, 0x0000000100000000)
  eden space 145920K, 100% used [0x00000000ed900000,0x00000000f6780000,0x00000000f6780000)
  from space 4608K, 96% used [0x00000000f7180000,0x00000000f75dc698,0x00000000f7600000)
  to   space 7168K, 0% used [0x00000000f6800000,0x00000000f6800000,0x00000000f6f00000)
 ParOldGen       total 44544K, used 13073K [0x00000000c8a00000, 0x00000000cb580000, 0x00000000ed900000)
  object space 44544K, 29% used [0x00000000c8a00000,0x00000000c96c4680,0x00000000cb580000)
 Metaspace       used 50366K, capacity 52796K, committed 53080K, reserved 1095680K
  class space    used 6648K, capacity 7228K, committed 7256K, reserved 1048576K
Event: 38.050 GC heap after
Heap after GC invocations=17 (full 2):
 PSYoungGen      total 153600K, used 7136K [0x00000000ed900000, 0x00000000fb880000, 0x0000000100000000)
  eden space 146432K, 0% used [0x00000000ed900000,0x00000000ed900000,0x00000000f6800000)
  from space 7168K, 99% used [0x00000000f6800000,0x00000000f6ef8320,0x00000000f6f00000)
  to   space 12800K, 0% used [0x00000000fac00000,0x00000000fac00000,0x00000000fb880000)
 ParOldGen       total 44544K, used 25399K [0x00000000c8a00000, 0x00000000cb580000, 0x00000000ed900000)
  object space 44544K, 57% used [0x00000000c8a00000,0x00000000ca2cdf00,0x00000000cb580000)
 Metaspace       used 50366K, capacity 52796K, committed 53080K, reserved 1095680K
  class space    used 6648K, capacity 7228K, committed 7256K, reserved 1048576K
}
Event: 47.601 GC heap before
{Heap before GC invocations=18 (full 2):
 PSYoungGen      total 153600K, used 153568K [0x00000000ed900000, 0x00000000fb880000, 0x0000000100000000)
  eden space 146432K, 100% used [0x00000000ed900000,0x00000000f6800000,0x00000000f6800000)
  from space 7168K, 99% used [0x00000000f6800000,0x00000000f6ef8320,0x00000000f6f00000)
  to   space 12800K, 0% used [0x00000000fac00000,0x00000000fac00000,0x00000000fb880000)
 ParOldGen       total 44544K, used 25399K [0x00000000c8a00000, 0x00000000cb580000, 0x00000000ed900000)
  object space 44544K, 57% used [0x00000000c8a00000,0x00000000ca2cdf00,0x00000000cb580000)
 Metaspace       used 55371K, capacity 58278K, committed 58584K, reserved 1099776K
  class space    used 7402K, capacity 8061K, committed 8152K, reserved 1048576K
Event: 47.769 GC heap after
Heap after GC invocations=18 (full 2):
 PSYoungGen      total 153600K, used 153568K [0x00000000ed900000, 0x00000000fb880000, 0x0000000100000000)
  eden space 146432K, 100% used [0x00000000ed900000,0x00000000f6800000,0x00000000f6800000)
  from space 7168K, 99% used [0x00000000f6800000,0x00000000f6ef8320,0x00000000f6f00000)
  to   space 12800K, 56% used [0x00000000fac00000,0x00000000fb300850,0x00000000fb880000)
 ParOldGen       total 78336K, used 76491K [0x00000000c8a00000, 0x00000000cd680000, 0x00000000ed900000)
  object space 78336K, 97% used [0x00000000c8a00000,0x00000000cd4b2f90,0x00000000cd680000)
 Metaspace       used 55371K, capacity 58278K, committed 58584K, reserved 1099776K
  class space    used 7402K, capacity 8061K, committed 8152K, reserved 1048576K
}
Event: 47.783 GC heap before
{Heap before GC invocations=19 (full 3):
 PSYoungGen      total 153600K, used 153568K [0x00000000ed900000, 0x00000000fb880000, 0x0000000100000000)
  eden space 146432K, 100% used [0x00000000ed900000,0x00000000f6800000,0x00000000f6800000)
  from space 7168K, 99% used [0x00000000f6800000,0x00000000f6ef8320,0x00000000f6f00000)
  to   space 12800K, 56% used [0x00000000fac00000,0x00000000fb300850,0x00000000fb880000)
 ParOldGen       total 78336K, used 76491K [0x00000000c8a00000, 0x00000000cd680000, 0x00000000ed900000)
  object space 78336K, 97% used [0x00000000c8a00000,0x00000000cd4b2f90,0x00000000cd680000)
 Metaspace       used 55371K, capacity 58278K, committed 58584K, reserved 1099776K
  class space    used 7402K, capacity 8061K, committed 8152K, reserved 1048576K
Event: 48.735 GC heap after
Heap after GC invocations=19 (full 3):
 PSYoungGen      total 153600K, used 40709K [0x00000000ed900000, 0x00000000fb880000, 0x0000000100000000)
  eden space 146432K, 27% used [0x00000000ed900000,0x00000000f00c1518,0x00000000f6800000)
  from space 7168K, 0% used [0x00000000f6800000,0x00000000f6800000,0x00000000f6f00000)
  to   space 12800K, 0% used [0x00000000fac00000,0x00000000fac00000,0x00000000fb880000)
 ParOldGen       total 78336K, used 66359K [0x00000000c8a00000, 0x00000000cd680000, 0x00000000ed900000)
  object space 78336K, 84% used [0x00000000c8a00000,0x00000000ccacdc80,0x00000000cd680000)
 Metaspace       used 55371K, capacity 58278K, committed 58584K, reserved 1099776K
  class space    used 7402K, capacity 8061K, committed 8152K, reserved 1048576K
}
Event: 50.756 GC heap before
{Heap before GC invocations=20 (full 3):
 PSYoungGen      total 153600K, used 146432K [0x00000000ed900000, 0x00000000fb880000, 0x0000000100000000)
  eden space 146432K, 100% used [0x00000000ed900000,0x00000000f6800000,0x00000000f6800000)
  from space 7168K, 0% used [0x00000000f6800000,0x00000000f6800000,0x00000000f6f00000)
  to   space 12800K, 0% used [0x00000000fac00000,0x00000000fac00000,0x00000000fb880000)
 ParOldGen       total 78336K, used 66359K [0x00000000c8a00000, 0x00000000cd680000, 0x00000000ed900000)
  object space 78336K, 84% used [0x00000000c8a00000,0x00000000ccacdc80,0x00000000cd680000)
 Metaspace       used 56594K, capacity 59670K, committed 59736K, reserved 1101824K
  class space    used 7595K, capacity 8277K, committed 8280K, reserved 1048576K
Event: 50.901 GC heap after
Heap after GC invocations=20 (full 3):
 PSYoungGen      total 153600K, used 146432K [0x00000000ed900000, 0x00000000fb880000, 0x0000000100000000)
  eden space 146432K, 100% used [0x00000000ed900000,0x00000000f6800000,0x00000000f6800000)
  from space 7168K, 0% used [0x00000000f6800000,0x00000000f6800000,0x00000000f6f00000)
  to   space 12800K, 31% used [0x00000000fac00000,0x00000000fafe3220,0x00000000fb880000)
 ParOldGen       total 78336K, used 70504K [0x00000000c8a00000, 0x00000000cd680000, 0x00000000ed900000)
  object space 78336K, 90% used [0x00000000c8a00000,0x00000000cceda1e0,0x00000000cd680000)
 Metaspace       used 56594K, capacity 59670K, committed 59736K, reserved 1101824K
  class space    used 7595K, capacity 8277K, committed 8280K, reserved 1048576K
}
Event: 50.901 GC heap before
{Heap before GC invocations=21 (full 4):
 PSYoungGen      total 153600K, used 146432K [0x00000000ed900000, 0x00000000fb880000, 0x0000000100000000)
  eden space 146432K, 100% used [0x00000000ed900000,0x00000000f6800000,0x00000000f6800000)
  from space 7168K, 0% used [0x00000000f6800000,0x00000000f6800000,0x00000000f6f00000)
  to   space 12800K, 31% used [0x00000000fac00000,0x00000000fafe3220,0x00000000fb880000)
 ParOldGen       total 78336K, used 70504K [0x00000000c8a00000, 0x00000000cd680000, 0x00000000ed900000)
  object space 78336K, 90% used [0x00000000c8a00000,0x00000000cceda1e0,0x00000000cd680000)
 Metaspace       used 56594K, capacity 59670K, committed 59736K, reserved 1101824K
  class space    used 7595K, capacity 8277K, committed 8280K, reserved 1048576K
Event: 51.625 GC heap after
Heap after GC invocations=21 (full 4):
 PSYoungGen      total 153600K, used 52941K [0x00000000ed900000, 0x00000000fb880000, 0x0000000100000000)
  eden space 146432K, 36% used [0x00000000ed900000,0x00000000f0cb3708,0x00000000f6800000)
  from space 7168K, 0% used [0x00000000f6800000,0x00000000f6800000,0x00000000f6f00000)
  to   space 12800K, 0% used [0x00000000fac00000,0x00000000fac00000,0x00000000fb880000)
 ParOldGen       total 78336K, used 70306K [0x00000000c8a00000, 0x00000000cd680000, 0x00000000ed900000)
  object space 78336K, 89% used [0x00000000c8a00000,0x00000000ccea89a0,0x00000000cd680000)
 Metaspace       used 56594K, capacity 59670K, committed 59736K, reserved 1101824K
  class space    used 7595K, capacity 8277K, committed 8280K, reserved 1048576K
}

